#
# A fatal error has been detected by the Java Runtime Environment:
#
#  EXCEPTION_STACK_OVERFLOW (0xc00000fd) at pc=0x6400b9a3, pid=8912, tid=0x00000b70
#
# JRE version: Java(TM) SE Runtime Environment (8.0_191-b12) (build 1.8.0_191-b12)
# Java VM: Java HotSpot(TM) Client VM (25.191-b12 mixed mode windows-x86 )
# Problematic frame:
# C  [jSSC-2.8_x86.dll+0xb9a3]
#
# Failed to write core dump. Minidumps are not enabled by default on client versions of Windows
#
# If you would like to submit a bug report, please visit:
#   http://bugreport.java.com/bugreport/crash.jsp
# The crash happened outside the Java Virtual Machine in native code.
# See problematic frame for where to report the bug.
#

---------------  T H R E A D  ---------------

Current thread (0x2827b400):  JavaThread "EventThread COM9" [_thread_in_native, id=2928, stack(0x274a0000,0x274f0000)]

siginfo: ExceptionCode=0xc00000fd, ExceptionInformation=0x00000001 0x274a0670 

Registers:
EAX=0x00102670, EBX=0x00fe9378, ECX=0x274a0670, EDX=0x00000000
ESP=0x274ef664, EBP=0x274ef6c8, ESI=0x2827b540, EDI=0x00fe938c
EIP=0x6400b9a3, EFLAGS=0x00010202

Top of Stack: (sp=0x274ef664)
0x274ef664:   00150670 00000000 64001739 00000014
0x274ef674:   86f88666 00000001 00000000 00000000
0x274ef684:   00000001 0015066c 00000001 00000000
0x274ef694:   105e0978 00000fe0 039f7960 00000024
0x274ef6a4:   00000024 00000000 00000028 f8e69e98
0x274ef6b4:   86f88666 809880e6 00000000 1746d2a0
0x274ef6c4:   2827b400 274ef6f8 03bbf465 2827b540
0x274ef6d4:   274ef6e4 00000fe0 00000000 0015066c 

Instructions: (pc=0x6400b9a3)
0x6400b983:   fd ff ff eb 91 90 90 90 90 90 90 90 90 51 50 3d
0x6400b993:   00 10 00 00 8d 4c 24 0c 72 15 81 e9 00 10 00 00
0x6400b9a3:   83 09 00 2d 00 10 00 00 3d 00 10 00 00 77 eb 29
0x6400b9b3:   c1 83 09 00 58 59 c3 90 90 8b 44 24 04 c7 00 ff 


Register to memory mapping:

EAX=0x00102670 is an unknown value
EBX=0x00fe9378 is an unknown value
ECX=0x274a0670 is pointing into the stack for thread: 0x2827b400
EDX=0x00000000 is an unknown value
ESP=0x274ef664 is pointing into the stack for thread: 0x2827b400
EBP=0x274ef6c8 is pointing into the stack for thread: 0x2827b400
ESI=0x2827b540 is an unknown value
EDI=0x00fe938c is an unknown value


Stack: [0x274a0000,0x274f0000],  sp=0x274ef664,  free space=317k
Native frames: (J=compiled Java code, j=interpreted, Vv=VM code, C=native code)
C  [jSSC-2.8_x86.dll+0xb9a3]
J 16980  jssc.SerialNativeInterface.readBytes(JI)[B (0 bytes) @ 0x03bbf465 [0x03bbf3d0+0x95]
J 5049% C1 jssc.SerialPort$EventThread.run()V (84 bytes) @ 0x03a2e080 [0x03a2ddd0+0x2b0]
v  ~StubRoutines::call_stub
V  [jvm.dll+0x15c315]
V  [jvm.dll+0x223ece]
V  [jvm.dll+0x15c3ae]
V  [jvm.dll+0x15c536]
V  [jvm.dll+0x15c5a7]
V  [jvm.dll+0x1002ef]
V  [jvm.dll+0x17f550]
V  [jvm.dll+0x17fdca]
V  [jvm.dll+0x1c57a6]
C  [msvcr100.dll+0x5c556]
C  [msvcr100.dll+0x5c600]
C  [KERNEL32.DLL+0x1fef9]
C  [ntdll.dll+0x67bbe]
C  [ntdll.dll+0x67b8e]
C  0x00000000

Java frames: (J=compiled Java code, j=interpreted, Vv=VM code)
J 16980  jssc.SerialNativeInterface.readBytes(JI)[B (0 bytes) @ 0x03bbf421 [0x03bbf3d0+0x51]
J 5049% C1 jssc.SerialPort$EventThread.run()V (84 bytes) @ 0x03a2e080 [0x03a2ddd0+0x2b0]
v  ~StubRoutines::call_stub

---------------  P R O C E S S  ---------------

Java Threads: ( => current thread )
  0x2827a400 JavaThread "Thread-205" [_thread_blocked, id=8984, stack(0x27530000,0x27580000)]
  0x28279000 JavaThread "Thread-204" [_thread_blocked, id=11960, stack(0x27050000,0x270a0000)]
=>0x2827b400 JavaThread "EventThread COM9" [_thread_in_native, id=2928, stack(0x274a0000,0x274f0000)]
  0x2827e000 JavaThread "Image Fetcher 1" daemon [_thread_blocked, id=12652, stack(0x27370000,0x273c0000)]
  0x2827d000 JavaThread "Image Fetcher 0" daemon [_thread_blocked, id=1428, stack(0x27180000,0x271d0000)]
  0x2827f000 JavaThread "JmDNS(DESKTOP-ISV4H66.local.).State.Timer" [_thread_blocked, id=14368, stack(0x036a0000,0x036f0000)]
  0x28278800 JavaThread "JmDNS(DESKTOP-ISV4H66.local.).Timer" daemon [_thread_blocked, id=10008, stack(0x02700000,0x02750000)]
  0x28279800 JavaThread "SocketListener(DESKTOP-ISV4H66.local.)" daemon [_thread_in_native, id=10676, stack(0x00db0000,0x00e00000)]
  0x2827dc00 JavaThread "JmDNS(DESKTOP-ISV4H66.local.).State.Timer" [_thread_blocked, id=16856, stack(0x26fa0000,0x26ff0000)]
  0x2827c800 JavaThread "JmDNS(DESKTOP-ISV4H66.local.).Timer" daemon [_thread_blocked, id=14000, stack(0x26f10000,0x26f60000)]
  0x28278400 JavaThread "SocketListener(DESKTOP-ISV4H66.local.)" daemon [_thread_in_native, id=16276, stack(0x26e80000,0x26ed0000)]
  0x2827d400 JavaThread "JmDNS(DESKTOP-ISV4H66.local.).State.Timer" [_thread_blocked, id=11452, stack(0x03380000,0x033d0000)]
  0x2827f400 JavaThread "JmDNS(DESKTOP-ISV4H66.local.).Timer" daemon [_thread_blocked, id=17016, stack(0x02ba0000,0x02bf0000)]
  0x28279c00 JavaThread "DestroyJavaVM" [_thread_blocked, id=9008, stack(0x02960000,0x029b0000)]
  0x2827fc00 JavaThread "TimerQueue" daemon [_thread_blocked, id=8348, stack(0x2a940000,0x2a990000)]
  0x2827c400 JavaThread "AWT-EventQueue-0" [_thread_in_native, id=8336, stack(0x292f0000,0x29340000)]
  0x2827b000 JavaThread "AWT-Shutdown" [_thread_blocked, id=7192, stack(0x29260000,0x292b0000)]
  0x27c43c00 JavaThread "Batik CleanerThread" daemon [_thread_blocked, id=6988, stack(0x28e80000,0x28ed0000)]
  0x27cb0400 JavaThread "Multihomed mDNS.Timer" daemon [_thread_blocked, id=9112, stack(0x26c40000,0x26c90000)]
  0x27caf000 JavaThread "cc.arduino.packages.discoverers.serial.SerialDiscovery" [_thread_blocked, id=9108, stack(0x286b0000,0x28700000)]
  0x267d0800 JavaThread "AWT-Windows" daemon [_thread_in_native, id=9064, stack(0x26cd0000,0x26d20000)]
  0x267ce400 JavaThread "Java2D Disposer" daemon [_thread_blocked, id=9056, stack(0x26bb0000,0x26c00000)]
  0x25e5a800 JavaThread "Service Thread" daemon [_thread_blocked, id=9036, stack(0x26450000,0x264a0000)]
  0x25e53800 JavaThread "C1 CompilerThread0" daemon [_thread_blocked, id=9032, stack(0x263c0000,0x26410000)]
  0x25e51c00 JavaThread "Attach Listener" daemon [_thread_blocked, id=9028, stack(0x26330000,0x26380000)]
  0x25e4dc00 JavaThread "Signal Dispatcher" daemon [_thread_blocked, id=9024, stack(0x262a0000,0x262f0000)]
  0x25e3c400 JavaThread "Finalizer" daemon [_thread_blocked, id=9020, stack(0x26100000,0x26150000)]
  0x25e36800 JavaThread "Reference Handler" daemon [_thread_blocked, id=9016, stack(0x26070000,0x260c0000)]

Other Threads:
  0x25e21400 VMThread [stack: 0x26020000,0x26070000] [id=9012]
  0x25e5e000 WatcherThread [stack: 0x264e0000,0x26530000] [id=9040]

VM state:not at safepoint (normal execution)

VM Mutex/Monitor currently owned by a thread: None

Heap:
 def new generation   total 94720K, used 24832K [0x05800000, 0x0bec0000, 0x102a0000)
  eden space 84224K,  17% used [0x05800000, 0x066617b8, 0x0aa40000)
  from space 10496K,  96% used [0x0b480000, 0x0be5ebe0, 0x0bec0000)
  to   space 10496K,   0% used [0x0aa40000, 0x0aa40000, 0x0b480000)
 tenured generation   total 210264K, used 135187K [0x102a0000, 0x1cff6000, 0x25800000)
   the space 210264K,  64% used [0x102a0000, 0x186a4dd0, 0x186a4e00, 0x1cff6000)
 Metaspace       used 23023K, capacity 23660K, committed 23808K, reserved 23936K

Card table byte_map: [0x25800000,0x25910000] byte_map_base: 0x257d4000

Polling page: 0x02640000

CodeCache: size=32768Kb used=2697Kb max_used=5674Kb free=30070Kb
 bounds [0x03780000, 0x03d28000, 0x05780000]
 total_blobs=1520 nmethods=1223 adapters=223
 compilation: enabled

Compilation events (10 events):
Event: 95913.804 Thread 0x25e53800 17008             sun.font.CMap::getControlCodeGlyph (105 bytes)
Event: 95913.804 Thread 0x25e53800 nmethod 17008 0x0386f0c8 code [0x0386f1c0, 0x0386f300]
Event: 95913.819 Thread 0x25e53800 17009             java.util.AbstractSet::<init> (5 bytes)
Event: 95913.820 Thread 0x25e53800 nmethod 17009 0x03b84a88 code [0x03b84b80, 0x03b84c00]
Event: 95914.158 Thread 0x25e53800 17010             java.lang.String::toLowerCase (439 bytes)
Event: 95914.160 Thread 0x25e53800 nmethod 17010 0x03b498c8 code [0x03b49af0, 0x03b4a3d4]
Event: 95914.341 Thread 0x25e53800 17011             java.lang.String::endsWith (17 bytes)
Event: 95914.341 Thread 0x25e53800 nmethod 17011 0x03ba1988 code [0x03ba1a90, 0x03ba1b4c]
Event: 95916.771 Thread 0x25e53800 17012             sun.font.StrikeCache::doDispose (241 bytes)
Event: 95916.772 Thread 0x25e53800 nmethod 17012 0x038aea88 code [0x038aec10, 0x038af1b0]

GC Heap History (10 events):
Event: 93187.370 GC heap before
{Heap before GC invocations=90 (full 3):
 def new generation   total 68864K, used 65437K [0x05800000, 0x0a2b0000, 0x102a0000)
  eden space 61248K, 100% used [0x05800000, 0x093d0000, 0x093d0000)
  from space 7616K,  55% used [0x093d0000, 0x097e7620, 0x09b40000)
  to   space 7616K,   0% used [0x09b40000, 0x09b40000, 0x0a2b0000)
 tenured generation   total 152828K, used 148687K [0x102a0000, 0x197df000, 0x25800000)
   the space 152828K,  97% used [0x102a0000, 0x193d3f00, 0x193d4000, 0x197df000)
 Metaspace       used 23049K, capacity 23700K, committed 23808K, reserved 23936K
Event: 93187.461 GC heap after
Heap after GC invocations=91 (full 3):
 def new generation   total 68864K, used 606K [0x05800000, 0x0a2b0000, 0x102a0000)
  eden space 61248K,   0% used [0x05800000, 0x05800000, 0x093d0000)
  from space 7616K,   7% used [0x09b40000, 0x09bd79a8, 0x0a2b0000)
  to   space 7616K,   0% used [0x093d0000, 0x093d0000, 0x09b40000)
 tenured generation   total 152828K, used 149738K [0x102a0000, 0x197df000, 0x25800000)
   the space 152828K,  97% used [0x102a0000, 0x194dab08, 0x194dac00, 0x197df000)
 Metaspace       used 23049K, capacity 23700K, committed 23808K, reserved 23936K
}
Event: 94062.512 GC heap before
{Heap before GC invocations=91 (full 3):
 def new generation   total 68864K, used 61854K [0x05800000, 0x0a2b0000, 0x102a0000)
  eden space 61248K, 100% used [0x05800000, 0x093d0000, 0x093d0000)
  from space 7616K,   7% used [0x09b40000, 0x09bd79a8, 0x0a2b0000)
  to   space 7616K,   0% used [0x093d0000, 0x093d0000, 0x09b40000)
 tenured generation   total 152828K, used 149738K [0x102a0000, 0x197df000, 0x25800000)
   the space 152828K,  97% used [0x102a0000, 0x194dab08, 0x194dac00, 0x197df000)
 Metaspace       used 23049K, capacity 23700K, committed 23808K, reserved 23936K
Event: 94062.514 GC heap after
Heap after GC invocations=92 (full 3):
 def new generation   total 68864K, used 621K [0x05800000, 0x0a2b0000, 0x102a0000)
  eden space 61248K,   0% used [0x05800000, 0x05800000, 0x093d0000)
  from space 7616K,   8% used [0x093d0000, 0x0946b628, 0x09b40000)
  to   space 7616K,   0% used [0x09b40000, 0x09b40000, 0x0a2b0000)
 tenured generation   total 152828K, used 149738K [0x102a0000, 0x197df000, 0x25800000)
   the space 152828K,  97% used [0x102a0000, 0x194dab08, 0x194dac00, 0x197df000)
 Metaspace       used 23049K, capacity 23700K, committed 23808K, reserved 23936K
}
Event: 94989.016 GC heap before
{Heap before GC invocations=92 (full 3):
 def new generation   total 68864K, used 61869K [0x05800000, 0x0a2b0000, 0x102a0000)
  eden space 61248K, 100% used [0x05800000, 0x093d0000, 0x093d0000)
  from space 7616K,   8% used [0x093d0000, 0x0946b628, 0x09b40000)
  to   space 7616K,   0% used [0x09b40000, 0x09b40000, 0x0a2b0000)
 tenured generation   total 152828K, used 149738K [0x102a0000, 0x197df000, 0x25800000)
   the space 152828K,  97% used [0x102a0000, 0x194dab08, 0x194dac00, 0x197df000)
 Metaspace       used 23049K, capacity 23700K, committed 23808K, reserved 23936K
Event: 94989.020 GC heap after
Heap after GC invocations=93 (full 3):
 def new generation   total 68864K, used 631K [0x05800000, 0x0a2b0000, 0x102a0000)
  eden space 61248K,   0% used [0x05800000, 0x05800000, 0x093d0000)
  from space 7616K,   8% used [0x09b40000, 0x09bddf08, 0x0a2b0000)
  to   space 7616K,   0% used [0x093d0000, 0x093d0000, 0x09b40000)
 tenured generation   total 152828K, used 149738K [0x102a0000, 0x197df000, 0x25800000)
   the space 152828K,  97% used [0x102a0000, 0x194dab08, 0x194dac00, 0x197df000)
 Metaspace       used 23049K, capacity 23700K, committed 23808K, reserved 23936K
}
Event: 95913.902 GC heap before
{Heap before GC invocations=93 (full 3):
 def new generation   total 68864K, used 61855K [0x05800000, 0x0a2b0000, 0x102a0000)
  eden space 61248K,  99% used [0x05800000, 0x093c9da8, 0x093d0000)
  from space 7616K,   8% used [0x09b40000, 0x09bddf08, 0x0a2b0000)
  to   space 7616K,   0% used [0x093d0000, 0x093d0000, 0x09b40000)
 tenured generation   total 152828K, used 149738K [0x102a0000, 0x197df000, 0x25800000)
   the space 152828K,  97% used [0x102a0000, 0x194dab08, 0x194dac00, 0x197df000)
 Metaspace       used 23049K, capacity 23700K, committed 23808K, reserved 23936K
Event: 95914.002 GC heap after
Heap after GC invocations=94 (full 3):
 def new generation   total 68864K, used 7616K [0x05800000, 0x0a2b0000, 0x102a0000)
  eden space 61248K,   0% used [0x05800000, 0x05800000, 0x093d0000)
  from space 7616K, 100% used [0x093d0000, 0x09b40000, 0x09b40000)
  to   space 7616K,   0% used [0x09b40000, 0x09b40000, 0x0a2b0000)
 tenured generation   total 152828K, used 150539K [0x102a0000, 0x197df000, 0x25800000)
   the space 152828K,  98% used [0x102a0000, 0x195a2c30, 0x195a2e00, 0x197df000)
 Metaspace       used 23049K, capacity 23700K, committed 23808K, reserved 23936K
}
Event: 95915.106 GC heap before
{Heap before GC invocations=94 (full 3):
 def new generation   total 68864K, used 68407K [0x05800000, 0x0a2b0000, 0x102a0000)
  eden space 61248K,  99% used [0x05800000, 0x0935de10, 0x093d0000)
  from space 7616K, 100% used [0x093d0000, 0x09b40000, 0x09b40000)
  to   space 7616K,   0% used [0x09b40000, 0x09b40000, 0x0a2b0000)
 tenured generation   total 152828K, used 150539K [0x102a0000, 0x197df000, 0x25800000)
   the space 152828K,  98% used [0x102a0000, 0x195a2c30, 0x195a2e00, 0x197df000)
 Metaspace       used 23049K, capacity 23700K, committed 23808K, reserved 23936K
Event: 95916.769 GC heap after
Heap after GC invocations=95 (full 4):
 def new generation   total 94720K, used 0K [0x05800000, 0x0bec0000, 0x102a0000)
  eden space 84224K,   0% used [0x05800000, 0x05800000, 0x0aa40000)
  from space 10496K,   0% used [0x0aa40000, 0x0aa40000, 0x0b480000)
  to   space 10496K,   0% used [0x0b480000, 0x0b480000, 0x0bec0000)
 tenured generation   total 210264K, used 126156K [0x102a0000, 0x1cff6000, 0x25800000)
   the space 210264K,  59% used [0x102a0000, 0x17dd3308, 0x17dd3400, 0x1cff6000)
 Metaspace       used 23023K, capacity 23660K, committed 23808K, reserved 23936K
}

Deoptimization events (0 events):
No events

Classes redefined (0 events):
No events

Internal exceptions (10 events):
Event: 93878.148 Thread 0x28279000 Exception <a 'java/io/IOException'> (0x084a30f0) thrown at [C:\workspace\8-2-build-windows-i586-cygwin\jdk8u191\11896\hotspot\src\share\vm\prims\jni.cpp, line 709]
Event: 93878.148 Thread 0x28279000 Exception <a 'java/io/IOException'> (0x084a3368) thrown at [C:\workspace\8-2-build-windows-i586-cygwin\jdk8u191\11896\hotspot\src\share\vm\prims\jni.cpp, line 709]
Event: 93878.148 Thread 0x28279000 Exception <a 'java/io/IOException'> (0x084a35b0) thrown at [C:\workspace\8-2-build-windows-i586-cygwin\jdk8u191\11896\hotspot\src\share\vm\prims\jni.cpp, line 709]
Event: 93878.148 Thread 0x28279000 Exception <a 'java/io/IOException'> (0x084a37f8) thrown at [C:\workspace\8-2-build-windows-i586-cygwin\jdk8u191\11896\hotspot\src\share\vm\prims\jni.cpp, line 709]
Event: 93883.177 Thread 0x27cb0400 Exception <a 'java/io/IOException'> (0x08496d88) thrown at [C:\workspace\8-2-build-windows-i586-cygwin\jdk8u191\11896\hotspot\src\share\vm\prims\jni.cpp, line 709]
Event: 93883.177 Thread 0x27cb0400 Exception <a 'java/io/IOException'> (0x08497000) thrown at [C:\workspace\8-2-build-windows-i586-cygwin\jdk8u191\11896\hotspot\src\share\vm\prims\jni.cpp, line 709]
Event: 93883.177 Thread 0x27cb0400 Exception <a 'java/io/IOException'> (0x08497248) thrown at [C:\workspace\8-2-build-windows-i586-cygwin\jdk8u191\11896\hotspot\src\share\vm\prims\jni.cpp, line 709]
Event: 93883.177 Thread 0x27cb0400 Exception <a 'java/io/IOException'> (0x08497490) thrown at [C:\workspace\8-2-build-windows-i586-cygwin\jdk8u191\11896\hotspot\src\share\vm\prims\jni.cpp, line 709]
Event: 93883.181 Thread 0x27cb0400 Exception <a 'java/net/SocketException': error setting options> (0x08497708) thrown at [C:\workspace\8-2-build-windows-i586-cygwin\jdk8u191\11896\hotspot\src\share\vm\prims\jni.cpp, line 735]
Event: 93883.181 Thread 0x2827d000 Exception <a 'java/net/SocketException': socket closed> (0x083ba7c8) thrown at [C:\workspace\8-2-build-windows-i586-cygwin\jdk8u191\11896\hotspot\src\share\vm\prims\jni.cpp, line 735]

Events (10 events):
Event: 95914.298 Executing VM operation: RevokeBias done
Event: 95914.298 Thread 0x2827bc00 Thread exited: 0x2827bc00
Event: 95914.341 Thread 0x25e53800 flushing nmethod 0x03955808
Event: 95914.341 Thread 0x25e53800 flushing nmethod 0x039f8908
Event: 95915.105 Executing VM operation: GenCollectForAllocation
Event: 95916.770 Executing VM operation: GenCollectForAllocation done
Event: 95916.772 Thread 0x25e53800 flushing nmethod 0x03acf788
Event: 95916.772 Thread 0x25e53800 flushing nmethod 0x03c0bb08
Event: 95916.806 Executing VM operation: BulkRevokeBias
Event: 95916.806 Executing VM operation: BulkRevokeBias done


Dynamic libraries:
0x00060000 - 0x00093000 	F:\Sem4\mpca\Arduino IDE\arduino-1.8.19\java\bin\javaw.exe
0x77800000 - 0x779a4000 	C:\Windows\SYSTEM32\ntdll.dll
0x761c0000 - 0x762b0000 	C:\Windows\System32\KERNEL32.DLL
0x75900000 - 0x75b1c000 	C:\Windows\System32\KERNELBASE.dll
0x77120000 - 0x7719b000 	C:\Windows\System32\ADVAPI32.dll
0x77280000 - 0x7733f000 	C:\Windows\System32\msvcrt.dll
0x75f60000 - 0x75fd6000 	C:\Windows\System32\sechost.dll
0x756c0000 - 0x7577e000 	C:\Windows\System32\RPCRT4.dll
0x763c0000 - 0x7655c000 	C:\Windows\System32\USER32.dll
0x75820000 - 0x75838000 	C:\Windows\System32\win32u.dll
0x75840000 - 0x75863000 	C:\Windows\System32\GDI32.dll
0x771a0000 - 0x77280000 	C:\Windows\System32\gdi32full.dll
0x776d0000 - 0x7774b000 	C:\Windows\System32\msvcp_win.dll
0x766c0000 - 0x767e0000 	C:\Windows\System32\ucrtbase.dll
0x71a50000 - 0x71c60000 	C:\Windows\WinSxS\x86_microsoft.windows.common-controls_6595b64144ccf1df_6.0.19041.1110_none_a8625c1886757984\COMCTL32.dll
0x757f0000 - 0x75816000 	C:\Windows\System32\IMM32.DLL
0x72140000 - 0x721ff000 	F:\Sem4\mpca\Arduino IDE\arduino-1.8.19\java\bin\msvcr100.dll
0x70d90000 - 0x71163000 	F:\Sem4\mpca\Arduino IDE\arduino-1.8.19\java\bin\client\jvm.dll
0x763b0000 - 0x763b6000 	C:\Windows\System32\PSAPI.DLL
0x75510000 - 0x75518000 	C:\Windows\SYSTEM32\VERSION.dll
0x72130000 - 0x72138000 	C:\Windows\SYSTEM32\WSOCK32.dll
0x72060000 - 0x72088000 	C:\Windows\SYSTEM32\WINMM.dll
0x76150000 - 0x761b3000 	C:\Windows\System32\WS2_32.dll
0x72030000 - 0x72060000 	F:\Sem4\mpca\Arduino IDE\arduino-1.8.19\java\bin\splashscreen.dll
0x71c60000 - 0x71cd4000 	C:\Windows\system32\uxtheme.dll
0x76ea0000 - 0x77120000 	C:\Windows\System32\combase.dll
0x72120000 - 0x7212c000 	F:\Sem4\mpca\Arduino IDE\arduino-1.8.19\java\bin\verify.dll
0x765e0000 - 0x766b4000 	C:\Windows\System32\MSCTF.dll
0x77750000 - 0x777e6000 	C:\Windows\System32\OLEAUT32.dll
0x72000000 - 0x72022000 	F:\Sem4\mpca\Arduino IDE\arduino-1.8.19\java\bin\java.dll
0x75520000 - 0x7552f000 	C:\Windows\SYSTEM32\kernel.appcore.dll
0x77340000 - 0x7739f000 	C:\Windows\System32\bcryptPrimitives.dll
0x71f40000 - 0x71ff9000 	C:\Windows\SYSTEM32\textinputframework.dll
0x70a70000 - 0x70b0b000 	C:\Windows\System32\CoreMessaging.dll
0x70b10000 - 0x70d8e000 	C:\Windows\System32\CoreUIComponents.dll
0x75870000 - 0x758f7000 	C:\Windows\System32\SHCORE.dll
0x74c50000 - 0x74c79000 	C:\Windows\SYSTEM32\ntmarta.dll
0x70990000 - 0x70a6b000 	C:\Windows\SYSTEM32\wintypes.dll
0x71f20000 - 0x71f34000 	F:\Sem4\mpca\Arduino IDE\arduino-1.8.19\java\bin\zip.dll
0x768e0000 - 0x76e95000 	C:\Windows\System32\SHELL32.dll
0x74520000 - 0x74b2a000 	C:\Windows\SYSTEM32\windows.storage.dll
0x74420000 - 0x74447000 	C:\Windows\SYSTEM32\Wldp.dll
0x762f0000 - 0x76335000 	C:\Windows\System32\shlwapi.dll
0x72090000 - 0x720a8000 	C:\Windows\SYSTEM32\profapi.dll
0x61940000 - 0x619b3000 	F:\Sem4\mpca\Arduino IDE\arduino-1.8.19\lib\listSerialsj.dll
0x75b20000 - 0x75f54000 	C:\Windows\System32\SETUPAPI.dll
0x762b0000 - 0x762eb000 	C:\Windows\System32\cfgmgr32.dll
0x75780000 - 0x75799000 	C:\Windows\System32\bcrypt.dll
0x72300000 - 0x7231d000 	F:\Sem4\mpca\Arduino IDE\arduino-1.8.19\lib\jnidispatch-4.2.2-win32-x86.dll
0x77430000 - 0x77513000 	C:\Windows\System32\Ole32.dll
0x722e0000 - 0x722f5000 	F:\Sem4\mpca\Arduino IDE\arduino-1.8.19\java\bin\net.dll
0x723f0000 - 0x72442000 	C:\Windows\system32\mswsock.dll
0x722d0000 - 0x722df000 	F:\Sem4\mpca\Arduino IDE\arduino-1.8.19\java\bin\nio.dll
0x71dd0000 - 0x71f17000 	F:\Sem4\mpca\Arduino IDE\arduino-1.8.19\java\bin\awt.dll
0x755c0000 - 0x75660000 	C:\Windows\SYSTEM32\apphelp.dll
0x722a0000 - 0x722c6000 	C:\Windows\system32\DWMAPI.DLL
0x72260000 - 0x72299000 	F:\Sem4\mpca\Arduino IDE\arduino-1.8.19\java\bin\fontmanager.dll
0x71310000 - 0x71413000 	C:\Windows\system32\opengl32.dll
0x72220000 - 0x7225f000 	C:\Windows\SYSTEM32\GLU32.dll
0x71d90000 - 0x71dc2000 	F:\Sem4\mpca\Arduino IDE\arduino-1.8.19\java\bin\t2k.dll
0x74c80000 - 0x74cb2000 	C:\Windows\SYSTEM32\IPHLPAPI.DLL
0x775b0000 - 0x775b7000 	C:\Windows\System32\NSI.dll
0x72200000 - 0x72214000 	C:\Windows\SYSTEM32\dhcpcsvc6.DLL
0x72100000 - 0x72116000 	C:\Windows\SYSTEM32\dhcpcsvc.DLL
0x71280000 - 0x71310000 	C:\Windows\SYSTEM32\DNSAPI.dll
0x71d70000 - 0x71d81000 	C:\Windows\system32\napinsp.dll
0x71d50000 - 0x71d66000 	C:\Windows\system32\pnrpnsp.dll
0x71d40000 - 0x71d50000 	C:\Windows\system32\wshbth.dll
0x71d20000 - 0x71d36000 	C:\Windows\system32\NLAapi.dll
0x71ce0000 - 0x71cee000 	C:\Windows\System32\winrnr.dll
0x71250000 - 0x71271000 	C:\Program Files (x86)\Bonjour\mdnsNSP.dll
0x711f0000 - 0x71249000 	C:\Windows\System32\fwpuclnt.dll
0x711e0000 - 0x711e8000 	C:\Windows\System32\rasadhlp.dll
0x71170000 - 0x711d9000 	F:\Sem4\mpca\Arduino IDE\arduino-1.8.19\msvcp100.dll
0x708d0000 - 0x7098e000 	F:\Sem4\mpca\Arduino IDE\arduino-1.8.19\msvcr100.dll
0x285e0000 - 0x28612000 	F:\Sem4\mpca\Arduino IDE\arduino-1.8.19\lib\AStylej.dll
0x708a0000 - 0x708c4000 	F:\Sem4\mpca\Arduino IDE\arduino-1.8.19\java\bin\dcpr.dll
0x77520000 - 0x775a3000 	C:\Windows\System32\clbcatq.dll
0x70350000 - 0x704c1000 	C:\Windows\SYSTEM32\WindowsCodecs.dll
0x70860000 - 0x70891000 	C:\Windows\system32\dataexchange.dll
0x70000000 - 0x70164000 	C:\Windows\system32\dcomp.dll
0x70170000 - 0x70350000 	C:\Windows\system32\d3d11.dll
0x70790000 - 0x70852000 	C:\Windows\system32\dxgi.dll
0x6fe70000 - 0x6ffff000 	C:\Windows\system32\twinapi.appcore.dll
0x70770000 - 0x70790000 	F:\Sem4\mpca\Arduino IDE\arduino-1.8.19\java\bin\sunec.dll
0x72fd0000 - 0x72fe3000 	C:\Windows\SYSTEM32\CRYPTSP.dll
0x72fa0000 - 0x72fcf000 	C:\Windows\system32\rsaenh.dll
0x71cf0000 - 0x71d15000 	C:\Windows\SYSTEM32\USERENV.dll
0x72f90000 - 0x72f9a000 	C:\Windows\SYSTEM32\CRYPTBASE.dll
0x6fe60000 - 0x6fe69000 	F:\Sem4\mpca\Arduino IDE\arduino-1.8.19\java\bin\sunmscapi.dll
0x767e0000 - 0x768da000 	C:\Windows\System32\CRYPT32.dll
0x72340000 - 0x72364000 	C:\Windows\SYSTEM32\DEVOBJ.dll
0x757a0000 - 0x757ee000 	C:\Windows\System32\WINTRUST.dll
0x74410000 - 0x7441e000 	C:\Windows\SYSTEM32\MSASN1.dll
0x64000000 - 0x6401b000 	F:\Sem4\mpca\Arduino IDE\arduino-1.8.19\lib\jSSC-2.8_x86.dll
0x60570000 - 0x60629000 	C:\Windows\System32\AppXDeploymentClient.dll
0x5bb10000 - 0x5c694000 	C:\Windows\System32\DriverStore\FileRepository\ki131176.inf_amd64_fb4fe914575fdd15\ig9icd32.dll
0x77620000 - 0x776cf000 	C:\Windows\System32\COMDLG32.dll
0x6f140000 - 0x6f202000 	C:\Windows\system32\propsys.dll
0x604a0000 - 0x60523000 	C:\Program Files (x86)\Common Files\microsoft shared\ink\tiptsf.dll
0x60400000 - 0x60494000 	C:\Windows\SYSTEM32\TextShaping.dll
0x60b00000 - 0x60b1b000 	C:\Windows\SYSTEM32\edputil.dll
0x603e0000 - 0x603f3000 	C:\Windows\system32\NetworkExplorer.dll
0x60390000 - 0x603d8000 	C:\Windows\System32\thumbcache.dll
0x609f0000 - 0x60a4c000 	C:\Windows\SYSTEM32\ntshrui.dll
0x6fc00000 - 0x6fc21000 	C:\Windows\SYSTEM32\SspiCli.dll
0x6fa00000 - 0x6fa1d000 	C:\Windows\SYSTEM32\srvcli.dll
0x715e0000 - 0x715ee000 	C:\Windows\SYSTEM32\cscapi.dll
0x60300000 - 0x60381000 	C:\Windows\System32\StructuredQuery.dll
0x60960000 - 0x609e2000 	C:\Windows\SYSTEM32\policymanager.dll
0x63880000 - 0x638e5000 	C:\Windows\SYSTEM32\msvcp110_win.dll
0x60260000 - 0x602fe000 	C:\Windows\system32\Windows.Storage.Search.dll
0x5b980000 - 0x5bb0d000 	C:\Users\Vijeth\AppData\Local\Microsoft\OneDrive\22.196.0918.0001\i386\FileSyncShell.dll
0x6f130000 - 0x6f13f000 	C:\Windows\SYSTEM32\WTSAPI32.dll
0x65bc0000 - 0x65bca000 	C:\Windows\SYSTEM32\Secur32.dll
0x715f0000 - 0x71a46000 	C:\Windows\SYSTEM32\WININET.dll
0x5b7d0000 - 0x5b977000 	C:\PROGRA~2\MICROS~2\Office15\GROOVEEX.DLL
0x60230000 - 0x60256000 	C:\Windows\SYSTEM32\ATL100.DLL
0x704d0000 - 0x70768000 	C:\Windows\SYSTEM32\msi.dll
0x2d9d0000 - 0x2e248000 	C:\PROGRA~2\MICROS~2\Office15\1033\GrooveIntlResource.dll
0x6fa20000 - 0x6fbc9000 	C:\Windows\SYSTEM32\urlmon.dll
0x720d0000 - 0x720db000 	C:\Windows\SYSTEM32\netutils.dll
0x6fc30000 - 0x6fe5d000 	C:\Windows\SYSTEM32\iertutil.dll
0x60190000 - 0x60223000 	C:\Windows\System32\Windows.StateRepositoryPS.dll
0x60af0000 - 0x60af8000 	C:\Windows\system32\IconCodecService.dll
0x6f3a0000 - 0x6f3b9000 	C:\Windows\SYSTEM32\MPR.dll
0x60550000 - 0x60565000 	C:\Windows\System32\p9np.dll
0x60540000 - 0x60549000 	C:\Windows\System32\drprov.dll

VM Arguments:
jvm_args: -Dsun.java2d.d3d=false -Djna.nosys=true -Djna.nounpack=true -Djna.boot.library.name=jnidispatch-4.2.2-win32-x86 -Djna.boot.library.path=F:\Sem4\mpca\Arduino IDE\arduino-1.8.19/lib -Djssc.library.path=F:\Sem4\mpca\Arduino IDE\arduino-1.8.19/lib -DAPP_DIR=F:\Sem4\mpca\Arduino IDE\arduino-1.8.19 -Xms128M -Xmx512M -Dfile.encoding=UTF8 -Djava.net.preferIPv4Stack=true 
java_command: processing.app.Base F:\Sem5\IoT\rfidsecurity\rfidsecurity.ino
java_class_path (initial): F:\Sem4\mpca\Arduino IDE\arduino-1.8.19\lib\apple.jar;F:\Sem4\mpca\Arduino IDE\arduino-1.8.19\lib\arduino-core.jar;F:\Sem4\mpca\Arduino IDE\arduino-1.8.19\lib\batik-1.8.jar;F:\Sem4\mpca\Arduino IDE\arduino-1.8.19\lib\batik-anim-1.8.jar;F:\Sem4\mpca\Arduino IDE\arduino-1.8.19\lib\batik-awt-util-1.8.jar;F:\Sem4\mpca\Arduino IDE\arduino-1.8.19\lib\batik-bridge-1.8.jar;F:\Sem4\mpca\Arduino IDE\arduino-1.8.19\lib\batik-codec-1.8.jar;F:\Sem4\mpca\Arduino IDE\arduino-1.8.19\lib\batik-css-1.8.jar;F:\Sem4\mpca\Arduino IDE\arduino-1.8.19\lib\batik-dom-1.8.jar;F:\Sem4\mpca\Arduino IDE\arduino-1.8.19\lib\batik-ext-1.8.jar;F:\Sem4\mpca\Arduino IDE\arduino-1.8.19\lib\batik-gvt-1.8.jar;F:\Sem4\mpca\Arduino IDE\arduino-1.8.19\lib\batik-parser-1.8.jar;F:\Sem4\mpca\Arduino IDE\arduino-1.8.19\lib\batik-rasterizer-1.8.jar;F:\Sem4\mpca\Arduino IDE\arduino-1.8.19\lib\batik-script-1.8.jar;F:\Sem4\mpca\Arduino IDE\arduino-1.8.19\lib\batik-squiggle-1.8.jar;F:\Sem4\mpca\Arduino IDE\arduino-1.8.19\lib\batik-svg-dom-1.8.jar;F:\Sem4\mpca\Arduino IDE\arduino-1.8.19\lib\batik-svgpp-1.8.jar;F:\Sem4\mpca\Arduino IDE\arduino-1.8.19\lib\batik-transcoder-1.8.jar;F:\Sem4\mpca\Arduino IDE\arduino-1.8.19\lib\batik-util-1.8.jar;F:\Sem4\mpca\Arduino IDE\arduino-1.8.19\lib\batik-xml-1.8.jar;F:\Sem4\mpca\Arduino IDE\arduino-1.8.19\lib\bcpg-jdk15on-152.jar;F:\Sem4\mpca\Arduino IDE\arduino-1.8.19\lib\bcprov-jdk15on-152.jar;F:\Sem4\mpca\Arduino IDE\arduino-1.8.19\lib\commons-codec-1.7.jar;F:\Sem4\mpca\Arduino IDE\arduino-1.8.19\lib\commons-compress-1.8.jar;F:\Sem4\mpca\Arduino IDE\arduino-1.8.19\lib\commons-exec-1.1.jar;F:\Sem4\mpca\Arduino IDE\arduino-1.8.19\lib\commons-httpclient-3.1.jar;F:\Sem4\mpca\Arduino IDE\arduino-1.8.19\lib\commons-lang3-3.8.1.jar;F:\Sem4\mpca\Arduino IDE\arduino-1.8.19\lib\commons-logging-1.0.4.jar;F:\Sem4\mpca\Arduino IDE\arduino-1.8.19\lib\commons-net-3.3.jar;F:\Sem4\mpca\Arduino IDE\arduino-1.8.19\lib\commons-io-2.6.jar;F:\Sem4\mpca\Arduino IDE\arduino-
Launcher Type: SUN_STANDARD

Environment Variables:
PATH=C:\Program Files\Java\jdk1.8.0_331\bin;C:\Program Files\Java\jdk-17.0.3.1\bin;C:\Program Files\Common Files\Oracle\Java\javapath;C:\Program Files (x86)\Razer\ChromaBroadcast\bin;C:\Program Files\Razer\ChromaBroadcast\bin;C:\Program Files (x86)\Common Files\Oracle\Java\javapath;C:\ProgramData\Oracle\Java\javapath;C:\Windows\system32;C:\Windows;C:\Windows\System32\Wbem;C:\Windows\System32\WindowsPowerShell\v1.0\;C:\Windows\System32\OpenSSH\;C:\Program Files (x86)\AMD\ATI.ACE\Core-Static;E:\Matlab\bin;E:\Sem 3\MinGW\bin;AppData\Local\Programs\Microsoft VS Code\bin;C:\Program Files\dotnet\;C:\iverilog\bin;C:\iverilog\bin\gtkwave;C:\Program Files\nodejs\;C:\Program Files\Git\cmd;E:\Python\Scripts\;E:\Python\;C:\Users\Vijeth\AppData\Local\Microsoft\WindowsApps;E:\Aru\Microsoft VS Code\bin;C:\Users\Vijeth\.dotnet\tools;E:\Sem 3\iverilog\bin;E:\Sem 3\iverilog\gtkwave\bin;C:\Users\Vijeth\AppData\Roaming\npm;C:\Program Files \nodejs;C:\Program Files (x86)\Nmap;F:\Sem5\DBMS\xampp\mysql\bin;C:\Program Files\MySQL\MySQL Shell 8.0\bin\;E:\Python\Scripts\;E:\Python\;C:\Users\Vijeth\AppData\Local\Microsoft\WindowsApps;E:\Aru\Microsoft VS Code\bin;C:\Users\Vijeth\.dotnet\tools;E:\Sem 3\iverilog\bin;E:\Sem 3\iverilog\gtkwave\bin;C:\Users\Vijeth\AppData\Roaming\npm;C:\Program Files \nodejs;C:\Program Files (x86)\Nmap;;F:\Sem4\mpca\Arduino IDE\arduino-1.8.19\java\bin
USERNAME=Vijeth
OS=Windows_NT
PROCESSOR_IDENTIFIER=Intel64 Family 6 Model 78 Stepping 3, GenuineIntel



---------------  S Y S T E M  ---------------

OS: Windows 10.0 , 64 bit Build 19041 (10.0.19041.2251)

CPU:total 4 (initial active 4) (2 cores per cpu, 2 threads per core) family 6 model 78 stepping 3, cmov, cx8, fxsr, mmx, sse, sse2, sse3, ssse3, sse4.1, sse4.2, popcnt, avx, avx2, aes, clmul, erms, 3dnowpref, lzcnt, ht, tsc, tscinvbit, bmi1, bmi2, adx

Memory: 4k page, physical 8285184k(2029024k free), swap 13790208k(2759348k free)

vm_info: Java HotSpot(TM) Client VM (25.191-b12) for windows-x86 JRE (1.8.0_191-b12), built on Oct  6 2018 08:34:23 by "java_re" with MS VC++ 10.0 (VS2010)

time: Thu Dec 01 16:02:55 2022
elapsed time: 95918 seconds (1d 2h 38m 38s)

